<?xml version="1.0" encoding="UTF-8"?>
<testng-results ignored="0" total="1" passed="1" failed="0" skipped="0">
  <reporter-output>
  </reporter-output>
  <suite started-at="2025-01-21T10:02:09 IST" name="Default suite" finished-at="2025-01-21T10:02:54 IST" duration-ms="45709">
    <groups>
      <group name="tc002">
        <method signature="fulfillmentpickup.Selectpickupfulfillment()[pri:0, instance:qatests.fulfillmentpickup@55a147cc]" name="Selectpickupfulfillment" class="qatests.fulfillmentpickup"/>
      </group> <!-- tc002 -->
      <group name="Regression">
        <method signature="fulfillmentpickup.Selectpickupfulfillment()[pri:0, instance:qatests.fulfillmentpickup@55a147cc]" name="Selectpickupfulfillment" class="qatests.fulfillmentpickup"/>
      </group> <!-- Regression -->
    </groups>
    <test started-at="2025-01-21T10:02:09 IST" name="Default test" finished-at="2025-01-21T10:02:54 IST" duration-ms="45709">
      <class name="qatests.fulfillmentpickup">
        <test-method is-config="true" signature="setup()[pri:0, instance:qatests.fulfillmentpickup@55a147cc]" started-at="2025-01-21T10:02:09 IST" name="setup" finished-at="2025-01-21T10:02:16 IST" duration-ms="7390" status="PASS">
          <reporter-output>
          </reporter-output>
        </test-method> <!-- setup -->
        <test-method signature="Selectpickupfulfillment()[pri:0, instance:qatests.fulfillmentpickup@55a147cc]" started-at="2025-01-21T10:02:16 IST" name="Selectpickupfulfillment" finished-at="2025-01-21T10:02:49 IST" duration-ms="33091" status="PASS">
          <reporter-output>
          </reporter-output>
        </test-method> <!-- Selectpickupfulfillment -->
        <test-method is-config="true" signature="close()[pri:0, instance:qatests.fulfillmentpickup@55a147cc]" started-at="2025-01-21T10:02:49 IST" name="close" finished-at="2025-01-21T10:02:54 IST" duration-ms="5192" status="PASS">
          <reporter-output>
          </reporter-output>
        </test-method> <!-- close -->
      </class> <!-- qatests.fulfillmentpickup -->
    </test> <!-- Default test -->
  </suite> <!-- Default suite -->
</testng-results>
